<?xml version="1.0" encoding="UTF-8"?>
<!-- Generated by org.testng.reporters.JUnitReportReporter -->
<testsuite hostname="IN-3ZKJXD3" failures="0" tests="3" name="DataProvider.StringConcatenationTest" time="0.014" errors="0" timestamp="2023-10-29T21:53:02 IST" skipped="0">
  <testcase classname="DataProvider.StringConcatenationTest" name="testStringConcatenation" time="0.010"/>
  <testcase classname="DataProvider.StringConcatenationTest" name="testStringConcatenation" time="0.002"/>
  <testcase classname="DataProvider.StringConcatenationTest" name="testStringConcatenation" time="0.002"/>
</testsuite> <!-- DataProvider.StringConcatenationTest -->
