<?xml version="1.0" encoding="UTF-8"?>
<!-- Generated by org.testng.reporters.JUnitReportReporter -->
<testsuite hostname="IN-3ZKJXD3" failures="0" tests="1" name="testNG.LoginTest" time="7.839" errors="0" timestamp="2023-10-17T16:30:32 IST" skipped="0">
  <testcase classname="testNG.LoginTest" name="logintoAmazon" time="7.839"/>
  <system-out>
    <![CDATA[Before Method executed successfully
Before Method executed successfully]]>
  </system-out>
</testsuite> <!-- testNG.LoginTest -->
