<?xml version="1.0" encoding="UTF-8"?>
<!-- Generated by org.testng.reporters.JUnitReportReporter -->
<testsuite hostname="IN-3ZKJXD3" failures="0" tests="1" name="testNG.TestNGBasics" time="4.932" errors="0" timestamp="2023-10-16T12:33:24 IST" skipped="0">
  <testcase classname="testNG.TestNGBasics" name="f" time="4.932">
    <system-out>
      <![CDATA[https://www.google.com
Test Method executed successfully]]>
    </system-out>
  </testcase> <!-- f -->
  <system-out>
    <![CDATA[Before Method executed successfully
https://www.google.com
Test Method executed successfully
Before Method executed successfully]]>
  </system-out>
</testsuite> <!-- testNG.TestNGBasics -->
